This file contains any messages produced by compilers while
running configure, to aid debugging if configure makes a mistake.

It was created by mylibrary configure 1.0, which was
generated by GNU Autoconf 2.71.  Invocation command line was

  $ ./configure

## --------- ##
## Platform. ##
## --------- ##

hostname = HP-247
uname -m = x86_64
uname -r = 6.8.0-51-generic
uname -s = Linux
uname -v = #52~22.04.1-Ubuntu SMP PREEMPT_DYNAMIC Mon Dec  9 15:00:52 UTC 2

/usr/bin/uname -p = x86_64
/bin/uname -X     = unknown

/bin/arch              = x86_64
/usr/bin/arch -k       = unknown
/usr/convex/getsysinfo = unknown
/usr/bin/hostinfo      = unknown
/bin/machine           = unknown
/usr/bin/oslevel       = unknown
/bin/universe          = unknown

PATH: /usr/local/sbin/
PATH: /usr/local/bin/
PATH: /usr/sbin/
PATH: /usr/bin/
PATH: /sbin/
PATH: /bin/
PATH: /usr/games/
PATH: /usr/local/games/
PATH: /snap/bin/
PATH: /snap/bin/


## ----------- ##
## Core tests. ##
## ----------- ##

configure:2353: looking for aux files: config.guess config.sub ltmain.sh ar-lib compile missing install-sh
configure:2366:  trying ./
configure:2395:   ./config.guess found
configure:2395:   ./config.sub found
configure:2395:   ./ltmain.sh found
configure:2395:   ./ar-lib found
configure:2395:   ./compile found
configure:2395:   ./missing found
configure:2377:   ./install-sh found
configure:2525: checking for a BSD-compatible install
configure:2598: result: /usr/bin/install -c
configure:2609: checking whether build environment is sane
configure:2664: result: yes
configure:2823: checking for a race-free mkdir -p
configure:2867: result: /usr/bin/mkdir -p
configure:2874: checking for gawk
configure:2895: found /usr/bin/gawk
configure:2906: result: gawk
configure:2917: checking whether make sets $(MAKE)
configure:2940: result: yes
configure:2970: checking whether make supports nested variables
configure:2988: result: yes
configure:3188: checking for gcc
configure:3209: found /usr/bin/gcc
configure:3220: result: gcc
configure:3573: checking for C compiler version
configure:3582: gcc --version >&5
gcc (Ubuntu 11.4.0-1ubuntu1~22.04) 11.4.0
Copyright (C) 2021 Free Software Foundation, Inc.
This is free software; see the source for copying conditions.  There is NO
warranty; not even for MERCHANTABILITY or FITNESS FOR A PARTICULAR PURPOSE.

configure:3593: $? = 0
configure:3582: gcc -v >&5
Using built-in specs.
COLLECT_GCC=gcc
COLLECT_LTO_WRAPPER=/usr/lib/gcc/x86_64-linux-gnu/11/lto-wrapper
OFFLOAD_TARGET_NAMES=nvptx-none:amdgcn-amdhsa
OFFLOAD_TARGET_DEFAULT=1
Target: x86_64-linux-gnu
Configured with: ../src/configure -v --with-pkgversion='Ubuntu 11.4.0-1ubuntu1~22.04' --with-bugurl=file:///usr/share/doc/gcc-11/README.Bugs --enable-languages=c,ada,c++,go,brig,d,fortran,objc,obj-c++,m2 --prefix=/usr --with-gcc-major-version-only --program-suffix=-11 --program-prefix=x86_64-linux-gnu- --enable-shared --enable-linker-build-id --libexecdir=/usr/lib --without-included-gettext --enable-threads=posix --libdir=/usr/lib --enable-nls --enable-bootstrap --enable-clocale=gnu --enable-libstdcxx-debug --enable-libstdcxx-time=yes --with-default-libstdcxx-abi=new --enable-gnu-unique-object --disable-vtable-verify --enable-plugin --enable-default-pie --with-system-zlib --enable-libphobos-checking=release --with-target-system-zlib=auto --enable-objc-gc=auto --enable-multiarch --disable-werror --enable-cet --with-arch-32=i686 --with-abi=m64 --with-multilib-list=m32,m64,mx32 --enable-multilib --with-tune=generic --enable-offload-targets=nvptx-none=/build/gcc-11-XeT9lY/gcc-11-11.4.0/debian/tmp-nvptx/usr,amdgcn-amdhsa=/build/gcc-11-XeT9lY/gcc-11-11.4.0/debian/tmp-gcn/usr --without-cuda-driver --enable-checking=release --build=x86_64-linux-gnu --host=x86_64-linux-gnu --target=x86_64-linux-gnu --with-build-config=bootstrap-lto-lean --enable-link-serialization=2
Thread model: posix
Supported LTO compression algorithms: zlib zstd
gcc version 11.4.0 (Ubuntu 11.4.0-1ubuntu1~22.04) 
... rest of stderr output deleted ...
configure:3593: $? = 0
configure:3582: gcc -V >&5
gcc: error: unrecognized command-line option '-V'
gcc: fatal error: no input files
compilation terminated.
configure:3593: $? = 1
configure:3582: gcc -qversion >&5
gcc: error: unrecognized command-line option '-qversion'; did you mean '--version'?
gcc: fatal error: no input files
compilation terminated.
configure:3593: $? = 1
configure:3582: gcc -version >&5
gcc: error: unrecognized command-line option '-version'
gcc: fatal error: no input files
compilation terminated.
configure:3593: $? = 1
configure:3613: checking whether the C compiler works
configure:3635: gcc    conftest.c  >&5
configure:3639: $? = 0
configure:3689: result: yes
configure:3692: checking for C compiler default output file name
configure:3694: result: a.out
configure:3700: checking for suffix of executables
configure:3707: gcc -o conftest    conftest.c  >&5
configure:3711: $? = 0
configure:3734: result: 
configure:3756: checking whether we are cross compiling
configure:3764: gcc -o conftest    conftest.c  >&5
configure:3768: $? = 0
configure:3775: ./conftest
configure:3779: $? = 0
configure:3794: result: no
configure:3799: checking for suffix of object files
configure:3822: gcc -c   conftest.c >&5
configure:3826: $? = 0
configure:3848: result: o
configure:3852: checking whether the compiler supports GNU C
configure:3872: gcc -c   conftest.c >&5
configure:3872: $? = 0
configure:3882: result: yes
configure:3893: checking whether gcc accepts -g
configure:3914: gcc -c -g  conftest.c >&5
configure:3914: $? = 0
configure:3958: result: yes
configure:3978: checking for gcc option to enable C11 features
configure:3993: gcc  -c -g -O2  conftest.c >&5
configure:3993: $? = 0
configure:4011: result: none needed
configure:4127: checking whether gcc understands -c and -o together
configure:4150: gcc -c conftest.c -o conftest2.o
configure:4153: $? = 0
configure:4150: gcc -c conftest.c -o conftest2.o
configure:4153: $? = 0
configure:4165: result: yes
configure:4185: checking whether make supports the include directive
configure:4200: make -f confmf.GNU && cat confinc.out
this is the am__doit target
configure:4203: $? = 0
configure:4222: result: yes (GNU style)
configure:4248: checking dependency style of gcc
configure:4360: result: gcc3
configure:4431: checking for ar
configure:4452: found /usr/bin/ar
configure:4463: result: ar
configure:4489: checking the archiver (ar) interface
configure:4506: gcc -c -g -O2  conftest.c >&5
configure:4506: $? = 0
configure:4509: ar cru libconftest.a conftest.o >&5
ar: `u' modifier ignored since `D' is the default (see `U')
configure:4512: $? = 0
configure:4540: result: ar
configure:4593: checking build system type
configure:4608: result: x86_64-pc-linux-gnu
configure:4628: checking host system type
configure:4642: result: x86_64-pc-linux-gnu
configure:4683: checking how to print strings
configure:4710: result: printf
configure:4731: checking for a sed that does not truncate output
configure:4801: result: /usr/bin/sed
configure:4819: checking for grep that handles long lines and -e
configure:4883: result: /usr/bin/grep
configure:4888: checking for egrep
configure:4956: result: /usr/bin/grep -E
configure:4961: checking for fgrep
configure:5029: result: /usr/bin/grep -F
configure:5065: checking for ld used by gcc
configure:5133: result: /usr/bin/ld
configure:5140: checking if the linker (/usr/bin/ld) is GNU ld
configure:5156: result: yes
configure:5168: checking for BSD- or MS-compatible name lister (nm)
configure:5223: result: /usr/bin/nm -B
configure:5363: checking the name lister (/usr/bin/nm -B) interface
configure:5371: gcc -c -g -O2  conftest.c >&5
configure:5374: /usr/bin/nm -B "conftest.o"
configure:5377: output
0000000000000000 B some_variable
configure:5384: result: BSD nm
configure:5387: checking whether ln -s works
configure:5391: result: yes
configure:5399: checking the maximum length of command line arguments
configure:5531: result: 1572864
configure:5579: checking how to convert x86_64-pc-linux-gnu file names to x86_64-pc-linux-gnu format
configure:5620: result: func_convert_file_noop
configure:5627: checking how to convert x86_64-pc-linux-gnu file names to toolchain format
configure:5648: result: func_convert_file_noop
configure:5655: checking for /usr/bin/ld option to reload object files
configure:5663: result: -r
configure:5742: checking for objdump
configure:5763: found /usr/bin/objdump
configure:5774: result: objdump
configure:5806: checking how to recognize dependent libraries
configure:6007: result: pass_all
configure:6097: checking for dlltool
configure:6132: result: no
configure:6162: checking how to associate runtime and link libraries
configure:6190: result: printf %s\n
configure:6324: checking for archiver @FILE support
configure:6342: gcc -c -g -O2  conftest.c >&5
configure:6342: $? = 0
configure:6346: ar cr libconftest.a @conftest.lst >&5
configure:6349: $? = 0
configure:6354: ar cr libconftest.a @conftest.lst >&5
ar: conftest.o: No such file or directory
configure:6357: $? = 1
configure:6369: result: @
configure:6432: checking for strip
configure:6453: found /usr/bin/strip
configure:6464: result: strip
configure:6541: checking for ranlib
configure:6562: found /usr/bin/ranlib
configure:6573: result: ranlib
configure:6675: checking command to parse /usr/bin/nm -B output from gcc object
configure:6829: gcc -c -g -O2  conftest.c >&5
configure:6832: $? = 0
configure:6836: /usr/bin/nm -B conftest.o | sed -n -e 's/^.*[	 ]\([ABCDGIRSTW][ABCDGIRSTW]*\)[	 ][	 ]*\([_A-Za-z][_A-Za-z0-9]*\)$/\1 \2 \2/p' | sed '/ __gnu_lto/d' > conftest.nm
configure:6902: gcc -o conftest -g -O2   conftest.c conftstm.o >&5
configure:6905: $? = 0
configure:6943: result: ok
configure:6990: checking for sysroot
configure:7021: result: no
configure:7028: checking for a working dd
configure:7072: result: /usr/bin/dd
configure:7076: checking how to truncate binary pipes
configure:7092: result: /usr/bin/dd bs=4096 count=1
configure:7229: gcc -c -g -O2  conftest.c >&5
configure:7232: $? = 0
configure:7429: checking for mt
configure:7450: found /usr/bin/mt
configure:7461: result: mt
configure:7484: checking if mt is a manifest tool
configure:7491: mt '-?'
configure:7499: result: no
configure:8229: checking for stdio.h
configure:8229: gcc -c -g -O2  conftest.c >&5
configure:8229: $? = 0
configure:8229: result: yes
configure:8229: checking for stdlib.h
configure:8229: gcc -c -g -O2  conftest.c >&5
configure:8229: $? = 0
configure:8229: result: yes
configure:8229: checking for string.h
configure:8229: gcc -c -g -O2  conftest.c >&5
configure:8229: $? = 0
configure:8229: result: yes
configure:8229: checking for inttypes.h
configure:8229: gcc -c -g -O2  conftest.c >&5
configure:8229: $? = 0
configure:8229: result: yes
configure:8229: checking for stdint.h
configure:8229: gcc -c -g -O2  conftest.c >&5
configure:8229: $? = 0
configure:8229: result: yes
configure:8229: checking for strings.h
configure:8229: gcc -c -g -O2  conftest.c >&5
configure:8229: $? = 0
configure:8229: result: yes
configure:8229: checking for sys/stat.h
configure:8229: gcc -c -g -O2  conftest.c >&5
configure:8229: $? = 0
configure:8229: result: yes
configure:8229: checking for sys/types.h
configure:8229: gcc -c -g -O2  conftest.c >&5
configure:8229: $? = 0
configure:8229: result: yes
configure:8229: checking for unistd.h
configure:8229: gcc -c -g -O2  conftest.c >&5
configure:8229: $? = 0
configure:8229: result: yes
configure:8254: checking for dlfcn.h
configure:8254: gcc -c -g -O2  conftest.c >&5
configure:8254: $? = 0
configure:8254: result: yes
configure:8513: checking for objdir
configure:8529: result: .libs
configure:8793: checking if gcc supports -fno-rtti -fno-exceptions
configure:8812: gcc -c -g -O2  -fno-rtti -fno-exceptions conftest.c >&5
cc1: warning: command-line option '-fno-rtti' is valid for C++/D/ObjC++ but not for C
configure:8816: $? = 0
configure:8829: result: no
configure:9193: checking for gcc option to produce PIC
configure:9201: result: -fPIC -DPIC
configure:9209: checking if gcc PIC flag -fPIC -DPIC works
configure:9228: gcc -c -g -O2  -fPIC -DPIC -DPIC conftest.c >&5
configure:9232: $? = 0
configure:9245: result: yes
configure:9274: checking if gcc static flag -static works
configure:9303: result: yes
configure:9318: checking if gcc supports -c -o file.o
configure:9340: gcc -c -g -O2  -o out/conftest2.o conftest.c >&5
configure:9344: $? = 0
configure:9366: result: yes
configure:9374: checking if gcc supports -c -o file.o
configure:9422: result: yes
configure:9455: checking whether the gcc linker (/usr/bin/ld -m elf_x86_64) supports shared libraries
configure:10725: result: yes
configure:10762: checking whether -lc should be explicitly linked in
configure:10771: gcc -c -g -O2  conftest.c >&5
configure:10774: $? = 0
configure:10789: gcc -shared  -fPIC -DPIC conftest.o  -v -Wl,-soname -Wl,conftest -o conftest 2\>\&1 \| /usr/bin/grep  -lc  \>/dev/null 2\>\&1
configure:10792: $? = 0
configure:10806: result: no
configure:10966: checking dynamic linker characteristics
configure:11548: gcc -o conftest -g -O2   -Wl,-rpath -Wl,/foo conftest.c  >&5
configure:11548: $? = 0
configure:11799: result: GNU/Linux ld.so
configure:11921: checking how to hardcode library paths into programs
configure:11946: result: immediate
configure:12498: checking whether stripping libraries is possible
configure:12503: result: yes
configure:12538: checking if libtool supports shared libraries
configure:12540: result: yes
configure:12543: checking whether to build shared libraries
configure:12568: result: yes
configure:12571: checking whether to build static libraries
configure:12575: result: yes
configure:12722: checking that generated files are newer than configure
configure:12728: result: done
configure:12751: creating ./config.status

## ---------------------- ##
## Running config.status. ##
## ---------------------- ##

This file was extended by mylibrary config.status 1.0, which was
generated by GNU Autoconf 2.71.  Invocation command line was

  CONFIG_FILES    = 
  CONFIG_HEADERS  = 
  CONFIG_LINKS    = 
  CONFIG_COMMANDS = 
  $ ./config.status 

on HP-247

config.status:1080: creating Makefile
config.status:1080: creating src/Makefile
config.status:1080: creating config.h
config.status:1309: executing depfiles commands
config.status:1386: cd src       && sed -e '/# am--include-marker/d' Makefile         | make -f - am--depfiles
config.status:1391: $? = 0
config.status:1309: executing libtool commands

## ---------------- ##
## Cache variables. ##
## ---------------- ##

ac_cv_build=x86_64-pc-linux-gnu
ac_cv_c_compiler_gnu=yes
ac_cv_env_CC_set=
ac_cv_env_CC_value=
ac_cv_env_CFLAGS_set=
ac_cv_env_CFLAGS_value=
ac_cv_env_CPPFLAGS_set=
ac_cv_env_CPPFLAGS_value=
ac_cv_env_LDFLAGS_set=
ac_cv_env_LDFLAGS_value=
ac_cv_env_LIBS_set=
ac_cv_env_LIBS_value=
ac_cv_env_LT_SYS_LIBRARY_PATH_set=
ac_cv_env_LT_SYS_LIBRARY_PATH_value=
ac_cv_env_build_alias_set=
ac_cv_env_build_alias_value=
ac_cv_env_host_alias_set=
ac_cv_env_host_alias_value=
ac_cv_env_target_alias_set=
ac_cv_env_target_alias_value=
ac_cv_header_dlfcn_h=yes
ac_cv_header_inttypes_h=yes
ac_cv_header_stdint_h=yes
ac_cv_header_stdio_h=yes
ac_cv_header_stdlib_h=yes
ac_cv_header_string_h=yes
ac_cv_header_strings_h=yes
ac_cv_header_sys_stat_h=yes
ac_cv_header_sys_types_h=yes
ac_cv_header_unistd_h=yes
ac_cv_host=x86_64-pc-linux-gnu
ac_cv_objext=o
ac_cv_path_EGREP='/usr/bin/grep -E'
ac_cv_path_FGREP='/usr/bin/grep -F'
ac_cv_path_GREP=/usr/bin/grep
ac_cv_path_SED=/usr/bin/sed
ac_cv_path_install='/usr/bin/install -c'
ac_cv_path_lt_DD=/usr/bin/dd
ac_cv_path_mkdir=/usr/bin/mkdir
ac_cv_prog_AWK=gawk
ac_cv_prog_ac_ct_AR=ar
ac_cv_prog_ac_ct_CC=gcc
ac_cv_prog_ac_ct_MANIFEST_TOOL=mt
ac_cv_prog_ac_ct_OBJDUMP=objdump
ac_cv_prog_ac_ct_RANLIB=ranlib
ac_cv_prog_ac_ct_STRIP=strip
ac_cv_prog_cc_c11=
ac_cv_prog_cc_g=yes
ac_cv_prog_cc_stdc=
ac_cv_prog_make_make_set=yes
am_cv_CC_dependencies_compiler_type=gcc3
am_cv_ar_interface=ar
am_cv_make_support_nested_variables=yes
am_cv_prog_cc_c_o=yes
lt_cv_ar_at_file=@
lt_cv_archive_cmds_need_lc=no
lt_cv_deplibs_check_method=pass_all
lt_cv_file_magic_cmd='$MAGIC_CMD'
lt_cv_file_magic_test_file=
lt_cv_ld_reload_flag=-r
lt_cv_nm_interface='BSD nm'
lt_cv_objdir=.libs
lt_cv_path_LD=/usr/bin/ld
lt_cv_path_NM='/usr/bin/nm -B'
lt_cv_path_mainfest_tool=no
lt_cv_prog_compiler_c_o=yes
lt_cv_prog_compiler_pic='-fPIC -DPIC'
lt_cv_prog_compiler_pic_works=yes
lt_cv_prog_compiler_rtti_exceptions=no
lt_cv_prog_compiler_static_works=yes
lt_cv_prog_gnu_ld=yes
lt_cv_sharedlib_from_linklib_cmd='printf %s\n'
lt_cv_shlibpath_overrides_runpath=yes
lt_cv_sys_global_symbol_pipe='sed -n -e '\''s/^.*[	 ]\([ABCDGIRSTW][ABCDGIRSTW]*\)[	 ][	 ]*\([_A-Za-z][_A-Za-z0-9]*\)$/\1 \2 \2/p'\'' | sed '\''/ __gnu_lto/d'\'''
lt_cv_sys_global_symbol_to_c_name_address='sed -n -e '\''s/^: \(.*\) .*$/  {"\1", (void *) 0},/p'\'' -e '\''s/^[ABCDGIRSTW][ABCDGIRSTW]* .* \(.*\)$/  {"\1", (void *) \&\1},/p'\'''
lt_cv_sys_global_symbol_to_c_name_address_lib_prefix='sed -n -e '\''s/^: \(.*\) .*$/  {"\1", (void *) 0},/p'\'' -e '\''s/^[ABCDGIRSTW][ABCDGIRSTW]* .* \(lib.*\)$/  {"\1", (void *) \&\1},/p'\'' -e '\''s/^[ABCDGIRSTW][ABCDGIRSTW]* .* \(.*\)$/  {"lib\1", (void *) \&\1},/p'\'''
lt_cv_sys_global_symbol_to_cdecl='sed -n -e '\''s/^T .* \(.*\)$/extern int \1();/p'\'' -e '\''s/^[ABCDGIRSTW][ABCDGIRSTW]* .* \(.*\)$/extern char \1;/p'\'''
lt_cv_sys_global_symbol_to_import=
lt_cv_sys_max_cmd_len=1572864
lt_cv_to_host_file_cmd=func_convert_file_noop
lt_cv_to_tool_file_cmd=func_convert_file_noop
lt_cv_truncate_bin='/usr/bin/dd bs=4096 count=1'

## ----------------- ##
## Output variables. ##
## ----------------- ##

ACLOCAL='${SHELL} '\''/home/rahul/Workstation/Work_station/autotools/dyn/missing'\'' aclocal-1.16'
AMDEPBACKSLASH='\'
AMDEP_FALSE='#'
AMDEP_TRUE=''
AMTAR='$${TAR-tar}'
AM_BACKSLASH='\'
AM_DEFAULT_V='$(AM_DEFAULT_VERBOSITY)'
AM_DEFAULT_VERBOSITY='1'
AM_V='$(V)'
AR='ar'
AUTOCONF='${SHELL} '\''/home/rahul/Workstation/Work_station/autotools/dyn/missing'\'' autoconf'
AUTOHEADER='${SHELL} '\''/home/rahul/Workstation/Work_station/autotools/dyn/missing'\'' autoheader'
AUTOMAKE='${SHELL} '\''/home/rahul/Workstation/Work_station/autotools/dyn/missing'\'' automake-1.16'
AWK='gawk'
CC='gcc'
CCDEPMODE='depmode=gcc3'
CFLAGS='-g -O2'
CPPFLAGS=''
CSCOPE='cscope'
CTAGS='ctags'
CYGPATH_W='echo'
DEFS='-DHAVE_CONFIG_H'
DEPDIR='.deps'
DLLTOOL='false'
DSYMUTIL=''
DUMPBIN=''
ECHO_C=''
ECHO_N='-n'
ECHO_T=''
EGREP='/usr/bin/grep -E'
ETAGS='etags'
EXEEXT=''
FGREP='/usr/bin/grep -F'
GREP='/usr/bin/grep'
INSTALL_DATA='${INSTALL} -m 644'
INSTALL_PROGRAM='${INSTALL}'
INSTALL_SCRIPT='${INSTALL}'
INSTALL_STRIP_PROGRAM='$(install_sh) -c -s'
LD='/usr/bin/ld -m elf_x86_64'
LDFLAGS=''
LIBOBJS=''
LIBS=''
LIBTOOL='$(SHELL) $(top_builddir)/libtool'
LIPO=''
LN_S='ln -s'
LTLIBOBJS=''
LT_SYS_LIBRARY_PATH=''
MAKEINFO='${SHELL} '\''/home/rahul/Workstation/Work_station/autotools/dyn/missing'\'' makeinfo'
MANIFEST_TOOL=':'
MKDIR_P='/usr/bin/mkdir -p'
NM='/usr/bin/nm -B'
NMEDIT=''
OBJDUMP='objdump'
OBJEXT='o'
OTOOL64=''
OTOOL=''
PACKAGE='mylibrary'
PACKAGE_BUGREPORT='your_email@example.com'
PACKAGE_NAME='mylibrary'
PACKAGE_STRING='mylibrary 1.0'
PACKAGE_TARNAME='mylibrary'
PACKAGE_URL=''
PACKAGE_VERSION='1.0'
PATH_SEPARATOR=':'
RANLIB='ranlib'
SED='/usr/bin/sed'
SET_MAKE=''
SHELL='/bin/bash'
STRIP='strip'
VERSION='1.0'
ac_ct_AR='ar'
ac_ct_CC='gcc'
ac_ct_DUMPBIN=''
am__EXEEXT_FALSE=''
am__EXEEXT_TRUE='#'
am__fastdepCC_FALSE='#'
am__fastdepCC_TRUE=''
am__include='include'
am__isrc=''
am__leading_dot='.'
am__nodep='_no'
am__quote=''
am__tar='$${TAR-tar} chof - "$$tardir"'
am__untar='$${TAR-tar} xf -'
bindir='${exec_prefix}/bin'
build='x86_64-pc-linux-gnu'
build_alias=''
build_cpu='x86_64'
build_os='linux-gnu'
build_vendor='pc'
datadir='${datarootdir}'
datarootdir='${prefix}/share'
docdir='${datarootdir}/doc/${PACKAGE_TARNAME}'
dvidir='${docdir}'
exec_prefix='${prefix}'
host='x86_64-pc-linux-gnu'
host_alias=''
host_cpu='x86_64'
host_os='linux-gnu'
host_vendor='pc'
htmldir='${docdir}'
includedir='${prefix}/include'
infodir='${datarootdir}/info'
install_sh='${SHELL} /home/rahul/Workstation/Work_station/autotools/dyn/install-sh'
libdir='${exec_prefix}/lib'
libexecdir='${exec_prefix}/libexec'
localedir='${datarootdir}/locale'
localstatedir='${prefix}/var'
mandir='${datarootdir}/man'
mkdir_p='$(MKDIR_P)'
oldincludedir='/usr/include'
pdfdir='${docdir}'
prefix='/usr/local'
program_transform_name='s,x,x,'
psdir='${docdir}'
runstatedir='${localstatedir}/run'
sbindir='${exec_prefix}/sbin'
sharedstatedir='${prefix}/com'
sysconfdir='${prefix}/etc'
target_alias=''

## ----------- ##
## confdefs.h. ##
## ----------- ##

/* confdefs.h */
#define PACKAGE_NAME "mylibrary"
#define PACKAGE_TARNAME "mylibrary"
#define PACKAGE_VERSION "1.0"
#define PACKAGE_STRING "mylibrary 1.0"
#define PACKAGE_BUGREPORT "your_email@example.com"
#define PACKAGE_URL ""
#define PACKAGE "mylibrary"
#define VERSION "1.0"
#define HAVE_STDIO_H 1
#define HAVE_STDLIB_H 1
#define HAVE_STRING_H 1
#define HAVE_INTTYPES_H 1
#define HAVE_STDINT_H 1
#define HAVE_STRINGS_H 1
#define HAVE_SYS_STAT_H 1
#define HAVE_SYS_TYPES_H 1
#define HAVE_UNISTD_H 1
#define STDC_HEADERS 1
#define HAVE_DLFCN_H 1
#define LT_OBJDIR ".libs/"

configure: exit 0
